<?xml version="1.0" encoding="utf-8"?>
<coverage line-rate="0.8120999999999999" branch-rate="0.7994" version="1.9" timestamp="1760640736" lines-covered="1167" lines-valid="1437" branches-covered="267" branches-valid="334">
  <sources>
    <source>D:\Forms\FormsBackend\FormsBackend\</source>
  </sources>
  <packages>
    <package name="FormsBackend" line-rate="0.8120999999999999" branch-rate="0.7994" complexity="546">
      <classes>
        <class name="FormsBackend.Services.AuthService" filename="Services\Implementation\AuthService.cs" line-rate="1" branch-rate="1" complexity="2">
          <methods>
            <method name="GenerateJwtToken" signature="(FormsBackend.Models.Sql.User)" line-rate="1" branch-rate="1" complexity="1">
              <lines>
                <line number="88" hits="7" branch="False" />
                <line number="89" hits="7" branch="False" />
                <line number="90" hits="7" branch="False" />
                <line number="91" hits="7" branch="False" />
                <line number="92" hits="7" branch="False" />
                <line number="93" hits="7" branch="False" />
                <line number="94" hits="7" branch="False" />
                <line number="95" hits="7" branch="False" />
                <line number="97" hits="7" branch="False" />
                <line number="98" hits="7" branch="False" />
                <line number="100" hits="7" branch="False" />
                <line number="101" hits="7" branch="False" />
                <line number="102" hits="7" branch="False" />
                <line number="103" hits="7" branch="False" />
                <line number="104" hits="7" branch="False" />
                <line number="105" hits="7" branch="False" />
                <line number="106" hits="7" branch="False" />
                <line number="108" hits="7" branch="False" />
                <line number="109" hits="7" branch="False" />
              </lines>
            </method>
            <method name=".ctor" signature="(FormsBackend.Repositories.IUserRepository,Microsoft.Extensions.Configuration.IConfiguration)" line-rate="1" branch-rate="1" complexity="1">
              <lines>
                <line number="19" hits="12" branch="False" />
                <line number="20" hits="12" branch="False" />
                <line number="21" hits="12" branch="False" />
                <line number="22" hits="12" branch="False" />
                <line number="23" hits="12" branch="False" />
              </lines>
            </method>
          </methods>
          <lines>
            <line number="88" hits="7" branch="False" />
            <line number="89" hits="7" branch="False" />
            <line number="90" hits="7" branch="False" />
            <line number="91" hits="7" branch="False" />
            <line number="92" hits="7" branch="False" />
            <line number="93" hits="7" branch="False" />
            <line number="94" hits="7" branch="False" />
            <line number="95" hits="7" branch="False" />
            <line number="97" hits="7" branch="False" />
            <line number="98" hits="7" branch="False" />
            <line number="100" hits="7" branch="False" />
            <line number="101" hits="7" branch="False" />
            <line number="102" hits="7" branch="False" />
            <line number="103" hits="7" branch="False" />
            <line number="104" hits="7" branch="False" />
            <line number="105" hits="7" branch="False" />
            <line number="106" hits="7" branch="False" />
            <line number="108" hits="7" branch="False" />
            <line number="109" hits="7" branch="False" />
            <line number="19" hits="12" branch="False" />
            <line number="20" hits="12" branch="False" />
            <line number="21" hits="12" branch="False" />
            <line number="22" hits="12" branch="False" />
            <line number="23" hits="12" branch="False" />
          </lines>
        </class>
        <class name="FormsBackend.Services.AuthService/&lt;GetCurrentUserAsync&gt;d__5" filename="Services\Implementation\AuthService.cs" line-rate="1" branch-rate="1" complexity="2">
          <methods>
            <method name="MoveNext" signature="()" line-rate="1" branch-rate="1" complexity="2">
              <lines>
                <line number="73" hits="3" branch="False" />
                <line number="74" hits="3" branch="False" />
                <line number="75" hits="3" branch="True" condition-coverage="100% (2/2)">
                  <conditions>
                    <condition number="164" type="jump" coverage="100%" />
                  </conditions>
                </line>
                <line number="76" hits="1" branch="False" />
                <line number="78" hits="2" branch="False" />
                <line number="79" hits="2" branch="False" />
                <line number="80" hits="2" branch="False" />
                <line number="81" hits="2" branch="False" />
                <line number="82" hits="2" branch="False" />
                <line number="83" hits="2" branch="False" />
                <line number="84" hits="2" branch="False" />
                <line number="85" hits="2" branch="False" />
              </lines>
            </method>
          </methods>
          <lines>
            <line number="73" hits="3" branch="False" />
            <line number="74" hits="3" branch="False" />
            <line number="75" hits="3" branch="True" condition-coverage="100% (2/2)">
              <conditions>
                <condition number="164" type="jump" coverage="100%" />
              </conditions>
            </line>
            <line number="76" hits="1" branch="False" />
            <line number="78" hits="2" branch="False" />
            <line number="79" hits="2" branch="False" />
            <line number="80" hits="2" branch="False" />
            <line number="81" hits="2" branch="False" />
            <line number="82" hits="2" branch="False" />
            <line number="83" hits="2" branch="False" />
            <line number="84" hits="2" branch="False" />
            <line number="85" hits="2" branch="False" />
          </lines>
        </class>
        <class name="FormsBackend.Services.AuthService/&lt;LoginAsync&gt;d__4" filename="Services\Implementation\AuthService.cs" line-rate="1" branch-rate="1" complexity="4">
          <methods>
            <method name="MoveNext" signature="()" line-rate="1" branch-rate="1" complexity="4">
              <lines>
                <line number="54" hits="4" branch="False" />
                <line number="55" hits="4" branch="False" />
                <line number="56" hits="4" branch="True" condition-coverage="100% (4/4)">
                  <conditions>
                    <condition number="162" type="jump" coverage="100%" />
                    <condition number="203" type="jump" coverage="100%" />
                  </conditions>
                </line>
                <line number="57" hits="2" branch="False" />
                <line number="59" hits="2" branch="False" />
                <line number="61" hits="2" branch="False" />
                <line number="62" hits="2" branch="False" />
                <line number="63" hits="2" branch="False" />
                <line number="64" hits="2" branch="False" />
                <line number="65" hits="2" branch="False" />
                <line number="66" hits="2" branch="False" />
                <line number="67" hits="2" branch="False" />
                <line number="69" hits="2" branch="False" />
                <line number="70" hits="2" branch="False" />
              </lines>
            </method>
          </methods>
          <lines>
            <line number="54" hits="4" branch="False" />
            <line number="55" hits="4" branch="False" />
            <line number="56" hits="4" branch="True" condition-coverage="100% (4/4)">
              <conditions>
                <condition number="162" type="jump" coverage="100%" />
                <condition number="203" type="jump" coverage="100%" />
              </conditions>
            </line>
            <line number="57" hits="2" branch="False" />
            <line number="59" hits="2" branch="False" />
            <line number="61" hits="2" branch="False" />
            <line number="62" hits="2" branch="False" />
            <line number="63" hits="2" branch="False" />
            <line number="64" hits="2" branch="False" />
            <line number="65" hits="2" branch="False" />
            <line number="66" hits="2" branch="False" />
            <line number="67" hits="2" branch="False" />
            <line number="69" hits="2" branch="False" />
            <line number="70" hits="2" branch="False" />
          </lines>
        </class>
        <class name="FormsBackend.Services.AuthService/&lt;RegisterAsync&gt;d__3" filename="Services\Implementation\AuthService.cs" line-rate="1" branch-rate="1" complexity="2">
          <methods>
            <method name="MoveNext" signature="()" line-rate="1" branch-rate="1" complexity="2">
              <lines>
                <line number="26" hits="2" branch="False" />
                <line number="27" hits="2" branch="False" />
                <line number="28" hits="2" branch="True" condition-coverage="100% (2/2)">
                  <conditions>
                    <condition number="180" type="jump" coverage="100%" />
                  </conditions>
                </line>
                <line number="29" hits="1" branch="False" />
                <line number="31" hits="1" branch="False" />
                <line number="32" hits="1" branch="False" />
                <line number="33" hits="1" branch="False" />
                <line number="34" hits="1" branch="False" />
                <line number="35" hits="1" branch="False" />
                <line number="36" hits="1" branch="False" />
                <line number="37" hits="1" branch="False" />
                <line number="39" hits="1" branch="False" />
                <line number="40" hits="1" branch="False" />
                <line number="42" hits="1" branch="False" />
                <line number="43" hits="1" branch="False" />
                <line number="44" hits="1" branch="False" />
                <line number="45" hits="1" branch="False" />
                <line number="46" hits="1" branch="False" />
                <line number="47" hits="1" branch="False" />
                <line number="48" hits="1" branch="False" />
                <line number="50" hits="1" branch="False" />
                <line number="51" hits="1" branch="False" />
              </lines>
            </method>
          </methods>
          <lines>
            <line number="26" hits="2" branch="False" />
            <line number="27" hits="2" branch="False" />
            <line number="28" hits="2" branch="True" condition-coverage="100% (2/2)">
              <conditions>
                <condition number="180" type="jump" coverage="100%" />
              </conditions>
            </line>
            <line number="29" hits="1" branch="False" />
            <line number="31" hits="1" branch="False" />
            <line number="32" hits="1" branch="False" />
            <line number="33" hits="1" branch="False" />
            <line number="34" hits="1" branch="False" />
            <line number="35" hits="1" branch="False" />
            <line number="36" hits="1" branch="False" />
            <line number="37" hits="1" branch="False" />
            <line number="39" hits="1" branch="False" />
            <line number="40" hits="1" branch="False" />
            <line number="42" hits="1" branch="False" />
            <line number="43" hits="1" branch="False" />
            <line number="44" hits="1" branch="False" />
            <line number="45" hits="1" branch="False" />
            <line number="46" hits="1" branch="False" />
            <line number="47" hits="1" branch="False" />
            <line number="48" hits="1" branch="False" />
            <line number="50" hits="1" branch="False" />
            <line number="51" hits="1" branch="False" />
          </lines>
        </class>
        <class name="FormsBackend.Services.FormService" filename="Services\Implementation\FormService.cs" line-rate="1" branch-rate="0.9806999999999999" complexity="53">
          <methods>
            <method name="TransformOptionsForStorage" signature="(System.String,System.Collections.Generic.List`1&lt;System.String&gt;)" line-rate="1" branch-rate="1" complexity="10">
              <lines>
                <line number="198" hits="8" branch="False" />
                <line number="199" hits="8" branch="True" condition-coverage="100% (4/4)">
                  <conditions>
                    <condition number="2" type="jump" coverage="100%" />
                    <condition number="18" type="jump" coverage="100%" />
                  </conditions>
                </line>
                <line number="200" hits="4" branch="False" />
                <line number="203" hits="4" branch="True" condition-coverage="100% (6/6)">
                  <conditions>
                    <condition number="44" type="jump" coverage="100%" />
                    <condition number="62" type="jump" coverage="100%" />
                    <condition number="85" type="jump" coverage="100%" />
                  </conditions>
                </line>
                <line number="204" hits="4" branch="False" />
                <line number="205" hits="4" branch="False" />
                <line number="206" hits="3" branch="False" />
                <line number="207" hits="10" branch="False" />
                <line number="208" hits="10" branch="False" />
                <line number="209" hits="10" branch="False" />
                <line number="210" hits="10" branch="False" />
                <line number="211" hits="10" branch="False" />
                <line number="212" hits="10" branch="False" />
                <line number="213" hits="10" branch="False" />
                <line number="216" hits="1" branch="False" />
                <line number="217" hits="8" branch="False" />
              </lines>
            </method>
            <method name="MapToResponse" signature="(FormsBackend.Models.Mongo.Form)" line-rate="1" branch-rate="1" complexity="8">
              <lines>
                <line number="220" hits="29" branch="False" />
                <line number="221" hits="30" branch="True" condition-coverage="100% (2/2)">
                  <conditions>
                    <condition number="7" type="jump" coverage="100%" />
                  </conditions>
                </line>
                <line number="223" hits="28" branch="True" condition-coverage="100% (6/6)">
                  <conditions>
                    <condition number="139" type="jump" coverage="100%" />
                    <condition number="170" type="jump" coverage="100%" />
                    <condition number="199" type="jump" coverage="100%" />
                  </conditions>
                </line>
                <line number="224" hits="28" branch="False" />
                <line number="225" hits="28" branch="False" />
                <line number="226" hits="28" branch="False" />
                <line number="227" hits="28" branch="False" />
                <line number="228" hits="28" branch="False" />
                <line number="229" hits="28" branch="False" />
                <line number="230" hits="28" branch="False" />
                <line number="231" hits="28" branch="False" />
                <line number="232" hits="28" branch="False" />
                <line number="233" hits="28" branch="False" />
                <line number="234" hits="28" branch="False" />
                <line number="235" hits="28" branch="False" />
                <line number="236" hits="28" branch="False" />
                <line number="237" hits="20" branch="False" />
                <line number="238" hits="20" branch="False" />
                <line number="239" hits="20" branch="False" />
                <line number="240" hits="20" branch="False" />
                <line number="241" hits="20" branch="False" />
                <line number="242" hits="20" branch="False" />
                <line number="243" hits="20" branch="False" />
                <line number="244" hits="20" branch="False" />
                <line number="245" hits="20" branch="False" />
                <line number="246" hits="20" branch="False" />
                <line number="247" hits="20" branch="False" />
                <line number="248" hits="20" branch="False" />
                <line number="249" hits="20" branch="False" />
                <line number="250" hits="28" branch="False" />
                <line number="251" hits="29" branch="False" />
              </lines>
            </method>
            <method name="TransformOptionsForUpdate" signature="(System.String,System.Collections.Generic.List`1&lt;System.String&gt;,System.Collections.Generic.List`1&lt;FormsBackend.Models.Mongo.QuestionOption&gt;)" line-rate="1" branch-rate="1" complexity="18">
              <lines>
                <line number="255" hits="6" branch="False" />
                <line number="256" hits="6" branch="True" condition-coverage="100% (4/4)">
                  <conditions>
                    <condition number="20" type="jump" coverage="100%" />
                    <condition number="41" type="jump" coverage="100%" />
                  </conditions>
                </line>
                <line number="257" hits="3" branch="False" />
                <line number="259" hits="3" branch="True" condition-coverage="100% (6/6)">
                  <conditions>
                    <condition number="70" type="jump" coverage="100%" />
                    <condition number="88" type="jump" coverage="100%" />
                    <condition number="113" type="jump" coverage="100%" />
                  </conditions>
                </line>
                <line number="260" hits="3" branch="False" />
                <line number="261" hits="3" branch="False" />
                <line number="262" hits="1" branch="False" />
                <line number="263" hits="1" branch="False" />
                <line number="266" hits="2" branch="False" />
                <line number="268" hits="14" branch="True" condition-coverage="100% (2/2)">
                  <conditions>
                    <condition number="350" type="jump" coverage="100%" />
                  </conditions>
                </line>
                <line number="269" hits="5" branch="False" />
                <line number="270" hits="10" branch="True" condition-coverage="100% (2/2)">
                  <conditions>
                    <condition number="163" type="jump" coverage="100%" />
                  </conditions>
                </line>
                <line number="272" hits="5" branch="True" condition-coverage="100% (4/4)">
                  <conditions>
                    <condition number="198" type="jump" coverage="100%" />
                    <condition number="211" type="jump" coverage="100%" />
                  </conditions>
                </line>
                <line number="273" hits="5" branch="False" />
                <line number="274" hits="5" branch="False" />
                <line number="275" hits="5" branch="False" />
                <line number="276" hits="5" branch="False" />
                <line number="277" hits="5" branch="False" />
                <line number="278" hits="5" branch="False" />
                <line number="279" hits="5" branch="False" />
                <line number="281" hits="2" branch="False" />
                <line number="282" hits="6" branch="False" />
              </lines>
            </method>
            <method name="MapOptionsForResponse" signature="(System.String,System.Collections.Generic.List`1&lt;FormsBackend.Models.Mongo.QuestionOption&gt;)" line-rate="1" branch-rate="1" complexity="10">
              <lines>
                <line number="286" hits="20" branch="False" />
                <line number="287" hits="20" branch="True" condition-coverage="100% (4/4)">
                  <conditions>
                    <condition number="2" type="jump" coverage="100%" />
                    <condition number="18" type="jump" coverage="100%" />
                  </conditions>
                </line>
                <line number="288" hits="11" branch="False" />
                <line number="290" hits="9" branch="True" condition-coverage="100% (6/6)">
                  <conditions>
                    <condition number="43" type="jump" coverage="100%" />
                    <condition number="61" type="jump" coverage="100%" />
                    <condition number="84" type="jump" coverage="100%" />
                  </conditions>
                </line>
                <line number="291" hits="9" branch="False" />
                <line number="292" hits="9" branch="False" />
                <line number="293" hits="8" branch="False" />
                <line number="294" hits="42" branch="False" />
                <line number="295" hits="23" branch="False" />
                <line number="296" hits="23" branch="False" />
                <line number="297" hits="23" branch="False" />
                <line number="298" hits="23" branch="False" />
                <line number="301" hits="1" branch="False" />
                <line number="302" hits="20" branch="False" />
              </lines>
            </method>
            <method name="&lt;CreateFormAsync&gt;b__2_0" signature="(FormsBackend.DTOs.FormQuestionDto)" line-rate="1" branch-rate="1" complexity="4">
              <lines>
                <line number="38" hits="8" branch="True" condition-coverage="100% (4/4)">
                  <conditions>
                    <condition number="104" type="jump" coverage="100%" />
                    <condition number="164" type="jump" coverage="100%" />
                  </conditions>
                </line>
                <line number="39" hits="8" branch="False" />
                <line number="40" hits="8" branch="False" />
                <line number="41" hits="8" branch="False" />
                <line number="42" hits="8" branch="False" />
                <line number="43" hits="8" branch="False" />
                <line number="44" hits="8" branch="False" />
                <line number="45" hits="8" branch="False" />
                <line number="46" hits="8" branch="False" />
                <line number="47" hits="8" branch="False" />
                <line number="48" hits="8" branch="False" />
                <line number="49" hits="8" branch="False" />
                <line number="50" hits="8" branch="False" />
              </lines>
            </method>
            <method name=".ctor" signature="(FormsBackend.Repositories.IFormRepository)" line-rate="1" branch-rate="1" complexity="1">
              <lines>
                <line number="11" hits="44" branch="False" />
                <line number="12" hits="44" branch="False" />
                <line number="13" hits="44" branch="False" />
                <line number="14" hits="44" branch="False" />
              </lines>
            </method>
          </methods>
          <lines>
            <line number="198" hits="8" branch="False" />
            <line number="199" hits="8" branch="True" condition-coverage="100% (4/4)">
              <conditions>
                <condition number="2" type="jump" coverage="100%" />
                <condition number="18" type="jump" coverage="100%" />
              </conditions>
            </line>
            <line number="200" hits="4" branch="False" />
            <line number="203" hits="4" branch="True" condition-coverage="100% (6/6)">
              <conditions>
                <condition number="44" type="jump" coverage="100%" />
                <condition number="62" type="jump" coverage="100%" />
                <condition number="85" type="jump" coverage="100%" />
              </conditions>
            </line>
            <line number="204" hits="4" branch="False" />
            <line number="205" hits="4" branch="False" />
            <line number="206" hits="3" branch="False" />
            <line number="207" hits="10" branch="False" />
            <line number="208" hits="10" branch="False" />
            <line number="209" hits="10" branch="False" />
            <line number="210" hits="10" branch="False" />
            <line number="211" hits="10" branch="False" />
            <line number="212" hits="10" branch="False" />
            <line number="213" hits="10" branch="False" />
            <line number="216" hits="1" branch="False" />
            <line number="217" hits="8" branch="False" />
            <line number="220" hits="29" branch="False" />
            <line number="221" hits="30" branch="True" condition-coverage="100% (2/2)">
              <conditions>
                <condition number="7" type="jump" coverage="100%" />
              </conditions>
            </line>
            <line number="223" hits="28" branch="True" condition-coverage="100% (6/6)">
              <conditions>
                <condition number="139" type="jump" coverage="100%" />
                <condition number="170" type="jump" coverage="100%" />
                <condition number="199" type="jump" coverage="100%" />
              </conditions>
            </line>
            <line number="224" hits="28" branch="False" />
            <line number="225" hits="28" branch="False" />
            <line number="226" hits="28" branch="False" />
            <line number="227" hits="28" branch="False" />
            <line number="228" hits="28" branch="False" />
            <line number="229" hits="28" branch="False" />
            <line number="230" hits="28" branch="False" />
            <line number="231" hits="28" branch="False" />
            <line number="232" hits="28" branch="False" />
            <line number="233" hits="28" branch="False" />
            <line number="234" hits="28" branch="False" />
            <line number="235" hits="28" branch="False" />
            <line number="236" hits="28" branch="False" />
            <line number="237" hits="20" branch="False" />
            <line number="238" hits="20" branch="False" />
            <line number="239" hits="20" branch="False" />
            <line number="240" hits="20" branch="False" />
            <line number="241" hits="20" branch="False" />
            <line number="242" hits="20" branch="False" />
            <line number="243" hits="20" branch="False" />
            <line number="244" hits="20" branch="False" />
            <line number="245" hits="20" branch="False" />
            <line number="246" hits="20" branch="False" />
            <line number="247" hits="20" branch="False" />
            <line number="248" hits="20" branch="False" />
            <line number="249" hits="20" branch="False" />
            <line number="250" hits="28" branch="False" />
            <line number="251" hits="29" branch="False" />
            <line number="255" hits="6" branch="False" />
            <line number="256" hits="6" branch="True" condition-coverage="100% (4/4)">
              <conditions>
                <condition number="20" type="jump" coverage="100%" />
                <condition number="41" type="jump" coverage="100%" />
              </conditions>
            </line>
            <line number="257" hits="3" branch="False" />
            <line number="259" hits="3" branch="True" condition-coverage="100% (6/6)">
              <conditions>
                <condition number="70" type="jump" coverage="100%" />
                <condition number="88" type="jump" coverage="100%" />
                <condition number="113" type="jump" coverage="100%" />
              </conditions>
            </line>
            <line number="260" hits="3" branch="False" />
            <line number="261" hits="3" branch="False" />
            <line number="262" hits="1" branch="False" />
            <line number="263" hits="1" branch="False" />
            <line number="266" hits="2" branch="False" />
            <line number="268" hits="14" branch="True" condition-coverage="100% (2/2)">
              <conditions>
                <condition number="350" type="jump" coverage="100%" />
              </conditions>
            </line>
            <line number="269" hits="5" branch="False" />
            <line number="270" hits="10" branch="True" condition-coverage="100% (2/2)">
              <conditions>
                <condition number="163" type="jump" coverage="100%" />
              </conditions>
            </line>
            <line number="272" hits="5" branch="True" condition-coverage="100% (4/4)">
              <conditions>
                <condition number="198" type="jump" coverage="100%" />
                <condition number="211" type="jump" coverage="100%" />
              </conditions>
            </line>
            <line number="273" hits="5" branch="False" />
            <line number="274" hits="5" branch="False" />
            <line number="275" hits="5" branch="False" />
            <line number="276" hits="5" branch="False" />
            <line number="277" hits="5" branch="False" />
            <line number="278" hits="5" branch="False" />
            <line number="279" hits="5" branch="False" />
            <line number="281" hits="2" branch="False" />
            <line number="282" hits="6" branch="False" />
            <line number="286" hits="20" branch="False" />
            <line number="287" hits="20" branch="True" condition-coverage="100% (4/4)">
              <conditions>
                <condition number="2" type="jump" coverage="100%" />
                <condition number="18" type="jump" coverage="100%" />
              </conditions>
            </line>
            <line number="288" hits="11" branch="False" />
            <line number="290" hits="9" branch="True" condition-coverage="100% (6/6)">
              <conditions>
                <condition number="43" type="jump" coverage="100%" />
                <condition number="61" type="jump" coverage="100%" />
                <condition number="84" type="jump" coverage="100%" />
              </conditions>
            </line>
            <line number="291" hits="9" branch="False" />
            <line number="292" hits="9" branch="False" />
            <line number="293" hits="8" branch="False" />
            <line number="294" hits="42" branch="False" />
            <line number="295" hits="23" branch="False" />
            <line number="296" hits="23" branch="False" />
            <line number="297" hits="23" branch="False" />
            <line number="298" hits="23" branch="False" />
            <line number="301" hits="1" branch="False" />
            <line number="302" hits="20" branch="False" />
            <line number="38" hits="8" branch="True" condition-coverage="100% (4/4)">
              <conditions>
                <condition number="104" type="jump" coverage="100%" />
                <condition number="164" type="jump" coverage="100%" />
              </conditions>
            </line>
            <line number="39" hits="8" branch="False" />
            <line number="40" hits="8" branch="False" />
            <line number="41" hits="8" branch="False" />
            <line number="42" hits="8" branch="False" />
            <line number="43" hits="8" branch="False" />
            <line number="44" hits="8" branch="False" />
            <line number="45" hits="8" branch="False" />
            <line number="46" hits="8" branch="False" />
            <line number="47" hits="8" branch="False" />
            <line number="48" hits="8" branch="False" />
            <line number="49" hits="8" branch="False" />
            <line number="50" hits="8" branch="False" />
            <line number="11" hits="44" branch="False" />
            <line number="12" hits="44" branch="False" />
            <line number="13" hits="44" branch="False" />
            <line number="14" hits="44" branch="False" />
          </lines>
        </class>
        <class name="FormsBackend.Services.FormService/&lt;&gt;c__DisplayClass6_0" filename="Services\Implementation\FormService.cs" line-rate="1" branch-rate="0.875" complexity="8">
          <methods>
            <method name="&lt;UpdateFormAsync&gt;b__0" signature="(FormsBackend.DTOs.FormQuestionDto,System.Int32)" line-rate="1" branch-rate="0.875" complexity="8">
              <lines>
                <line number="137" hits="6" branch="False" />
                <line number="138" hits="7" branch="True" condition-coverage="50% (1/2)">
                  <conditions>
                    <condition number="26" type="jump" coverage="50%" />
                  </conditions>
                </line>
                <line number="140" hits="6" branch="True" condition-coverage="100% (6/6)">
                  <conditions>
                    <condition number="72" type="jump" coverage="100%" />
                    <condition number="250" type="jump" coverage="100%" />
                    <condition number="285" type="jump" coverage="100%" />
                  </conditions>
                </line>
                <line number="141" hits="6" branch="False" />
                <line number="142" hits="6" branch="False" />
                <line number="143" hits="6" branch="False" />
                <line number="144" hits="6" branch="False" />
                <line number="145" hits="6" branch="False" />
                <line number="146" hits="6" branch="False" />
                <line number="147" hits="6" branch="False" />
                <line number="148" hits="6" branch="False" />
                <line number="149" hits="6" branch="False" />
                <line number="150" hits="6" branch="False" />
                <line number="151" hits="6" branch="False" />
                <line number="152" hits="6" branch="False" />
                <line number="153" hits="15" branch="False" />
              </lines>
            </method>
          </methods>
          <lines>
            <line number="137" hits="6" branch="False" />
            <line number="138" hits="7" branch="True" condition-coverage="50% (1/2)">
              <conditions>
                <condition number="26" type="jump" coverage="50%" />
              </conditions>
            </line>
            <line number="140" hits="6" branch="True" condition-coverage="100% (6/6)">
              <conditions>
                <condition number="72" type="jump" coverage="100%" />
                <condition number="250" type="jump" coverage="100%" />
                <condition number="285" type="jump" coverage="100%" />
              </conditions>
            </line>
            <line number="141" hits="6" branch="False" />
            <line number="142" hits="6" branch="False" />
            <line number="143" hits="6" branch="False" />
            <line number="144" hits="6" branch="False" />
            <line number="145" hits="6" branch="False" />
            <line number="146" hits="6" branch="False" />
            <line number="147" hits="6" branch="False" />
            <line number="148" hits="6" branch="False" />
            <line number="149" hits="6" branch="False" />
            <line number="150" hits="6" branch="False" />
            <line number="151" hits="6" branch="False" />
            <line number="152" hits="6" branch="False" />
            <line number="153" hits="15" branch="False" />
          </lines>
        </class>
        <class name="FormsBackend.Services.FormService/&lt;CanUserSubmitFormAsync&gt;d__8" filename="Services\Implementation\FormService.cs" line-rate="1" branch-rate="1" complexity="6">
          <methods>
            <method name="MoveNext" signature="()" line-rate="1" branch-rate="1" complexity="6">
              <lines>
                <line number="178" hits="4" branch="False" />
                <line number="179" hits="4" branch="False" />
                <line number="180" hits="4" branch="True" condition-coverage="100% (4/4)">
                  <conditions>
                    <condition number="157" type="jump" coverage="100%" />
                    <condition number="192" type="jump" coverage="100%" />
                  </conditions>
                </line>
                <line number="181" hits="2" branch="False" />
                <line number="182" hits="2" branch="False" />
                <line number="186" hits="2" branch="True" condition-coverage="100% (2/2)">
                  <conditions>
                    <condition number="219" type="jump" coverage="100%" />
                  </conditions>
                </line>
                <line number="187" hits="1" branch="False" />
                <line number="188" hits="1" branch="False" />
                <line number="195" hits="1" branch="False" />
                <line number="196" hits="4" branch="False" />
              </lines>
            </method>
          </methods>
          <lines>
            <line number="178" hits="4" branch="False" />
            <line number="179" hits="4" branch="False" />
            <line number="180" hits="4" branch="True" condition-coverage="100% (4/4)">
              <conditions>
                <condition number="157" type="jump" coverage="100%" />
                <condition number="192" type="jump" coverage="100%" />
              </conditions>
            </line>
            <line number="181" hits="2" branch="False" />
            <line number="182" hits="2" branch="False" />
            <line number="186" hits="2" branch="True" condition-coverage="100% (2/2)">
              <conditions>
                <condition number="219" type="jump" coverage="100%" />
              </conditions>
            </line>
            <line number="187" hits="1" branch="False" />
            <line number="188" hits="1" branch="False" />
            <line number="195" hits="1" branch="False" />
            <line number="196" hits="4" branch="False" />
          </lines>
        </class>
        <class name="FormsBackend.Services.FormService/&lt;CreateFormAsync&gt;d__2" filename="Services\Implementation\FormService.cs" line-rate="0.7878000000000001" branch-rate="0.5" complexity="6">
          <methods>
            <method name="MoveNext" signature="()" line-rate="0.7878000000000001" branch-rate="0.5" complexity="6">
              <lines>
                <line number="17" hits="8" branch="False" />
                <line number="19" hits="8" branch="False" />
                <line number="20" hits="8" branch="True" condition-coverage="50% (2/4)">
                  <conditions>
                    <condition number="45" type="jump" coverage="50%" />
                    <condition number="68" type="jump" coverage="50%" />
                  </conditions>
                </line>
                <line number="21" hits="0" branch="False" />
                <line number="22" hits="0" branch="False" />
                <line number="25" hits="8" branch="False" />
                <line number="26" hits="8" branch="False" />
                <line number="27" hits="8" branch="False" />
                <line number="28" hits="8" branch="False" />
                <line number="29" hits="8" branch="False" />
                <line number="30" hits="8" branch="False" />
                <line number="31" hits="8" branch="False" />
                <line number="32" hits="8" branch="False" />
                <line number="33" hits="8" branch="False" />
                <line number="34" hits="8" branch="False" />
                <line number="35" hits="8" branch="False" />
                <line number="36" hits="8" branch="False" />
                <line number="37" hits="8" branch="False" />
                <line number="51" hits="8" branch="False" />
                <line number="54" hits="8" branch="True" condition-coverage="50% (1/2)">
                  <conditions>
                    <condition number="300" type="jump" coverage="50%" />
                  </conditions>
                </line>
                <line number="55" hits="0" branch="False" />
                <line number="56" hits="0" branch="False" />
                <line number="57" hits="0" branch="False" />
                <line number="58" hits="0" branch="False" />
                <line number="59" hits="0" branch="False" />
                <line number="61" hits="8" branch="False" />
                <line number="62" hits="8" branch="False" />
                <line number="63" hits="8" branch="False" />
                <line number="64" hits="8" branch="False" />
                <line number="65" hits="8" branch="False" />
                <line number="67" hits="8" branch="False" />
                <line number="68" hits="8" branch="False" />
                <line number="69" hits="8" branch="False" />
              </lines>
            </method>
          </methods>
          <lines>
            <line number="17" hits="8" branch="False" />
            <line number="19" hits="8" branch="False" />
            <line number="20" hits="8" branch="True" condition-coverage="50% (2/4)">
              <conditions>
                <condition number="45" type="jump" coverage="50%" />
                <condition number="68" type="jump" coverage="50%" />
              </conditions>
            </line>
            <line number="21" hits="0" branch="False" />
            <line number="22" hits="0" branch="False" />
            <line number="25" hits="8" branch="False" />
            <line number="26" hits="8" branch="False" />
            <line number="27" hits="8" branch="False" />
            <line number="28" hits="8" branch="False" />
            <line number="29" hits="8" branch="False" />
            <line number="30" hits="8" branch="False" />
            <line number="31" hits="8" branch="False" />
            <line number="32" hits="8" branch="False" />
            <line number="33" hits="8" branch="False" />
            <line number="34" hits="8" branch="False" />
            <line number="35" hits="8" branch="False" />
            <line number="36" hits="8" branch="False" />
            <line number="37" hits="8" branch="False" />
            <line number="51" hits="8" branch="False" />
            <line number="54" hits="8" branch="True" condition-coverage="50% (1/2)">
              <conditions>
                <condition number="300" type="jump" coverage="50%" />
              </conditions>
            </line>
            <line number="55" hits="0" branch="False" />
            <line number="56" hits="0" branch="False" />
            <line number="57" hits="0" branch="False" />
            <line number="58" hits="0" branch="False" />
            <line number="59" hits="0" branch="False" />
            <line number="61" hits="8" branch="False" />
            <line number="62" hits="8" branch="False" />
            <line number="63" hits="8" branch="False" />
            <line number="64" hits="8" branch="False" />
            <line number="65" hits="8" branch="False" />
            <line number="67" hits="8" branch="False" />
            <line number="68" hits="8" branch="False" />
            <line number="69" hits="8" branch="False" />
          </lines>
        </class>
        <class name="FormsBackend.Services.FormService/&lt;DeleteFormAsync&gt;d__7" filename="Services\Implementation\FormService.cs" line-rate="1" branch-rate="1" complexity="4">
          <methods>
            <method name="MoveNext" signature="()" line-rate="1" branch-rate="1" complexity="4">
              <lines>
                <line number="166" hits="4" branch="False" />
                <line number="168" hits="4" branch="False" />
                <line number="169" hits="4" branch="True" condition-coverage="100% (4/4)">
                  <conditions>
                    <condition number="168" type="jump" coverage="100%" />
                    <condition number="203" type="jump" coverage="100%" />
                  </conditions>
                </line>
                <line number="170" hits="3" branch="False" />
                <line number="171" hits="3" branch="False" />
                <line number="174" hits="1" branch="False" />
                <line number="175" hits="4" branch="False" />
              </lines>
            </method>
          </methods>
          <lines>
            <line number="166" hits="4" branch="False" />
            <line number="168" hits="4" branch="False" />
            <line number="169" hits="4" branch="True" condition-coverage="100% (4/4)">
              <conditions>
                <condition number="168" type="jump" coverage="100%" />
                <condition number="203" type="jump" coverage="100%" />
              </conditions>
            </line>
            <line number="170" hits="3" branch="False" />
            <line number="171" hits="3" branch="False" />
            <line number="174" hits="1" branch="False" />
            <line number="175" hits="4" branch="False" />
          </lines>
        </class>
        <class name="FormsBackend.Services.FormService/&lt;GetAllFormsAsync&gt;d__4" filename="Services\Implementation\FormService.cs" line-rate="1" branch-rate="1" complexity="1">
          <methods>
            <method name="MoveNext" signature="()" line-rate="1" branch-rate="1" complexity="1">
              <lines>
                <line number="77" hits="2" branch="False" />
                <line number="78" hits="2" branch="False" />
                <line number="79" hits="2" branch="False" />
                <line number="80" hits="2" branch="False" />
              </lines>
            </method>
          </methods>
          <lines>
            <line number="77" hits="2" branch="False" />
            <line number="78" hits="2" branch="False" />
            <line number="79" hits="2" branch="False" />
            <line number="80" hits="2" branch="False" />
          </lines>
        </class>
        <class name="FormsBackend.Services.FormService/&lt;GetFormByIdAsync&gt;d__3" filename="Services\Implementation\FormService.cs" line-rate="1" branch-rate="1" complexity="1">
          <methods>
            <method name="MoveNext" signature="()" line-rate="1" branch-rate="1" complexity="1">
              <lines>
                <line number="71" hits="9" branch="False" />
                <line number="72" hits="9" branch="False" />
                <line number="73" hits="9" branch="False" />
                <line number="74" hits="9" branch="False" />
              </lines>
            </method>
          </methods>
          <lines>
            <line number="71" hits="9" branch="False" />
            <line number="72" hits="9" branch="False" />
            <line number="73" hits="9" branch="False" />
            <line number="74" hits="9" branch="False" />
          </lines>
        </class>
        <class name="FormsBackend.Services.FormService/&lt;PublishFormAsync&gt;d__5" filename="Services\Implementation\FormService.cs" line-rate="1" branch-rate="1" complexity="4">
          <methods>
            <method name="MoveNext" signature="()" line-rate="1" branch-rate="1" complexity="4">
              <lines>
                <line number="83" hits="4" branch="False" />
                <line number="84" hits="4" branch="False" />
                <line number="86" hits="4" branch="True" condition-coverage="100% (2/2)">
                  <conditions>
                    <condition number="175" type="jump" coverage="100%" />
                  </conditions>
                </line>
                <line number="87" hits="1" branch="False" />
                <line number="88" hits="1" branch="False" />
                <line number="91" hits="3" branch="True" condition-coverage="100% (2/2)">
                  <conditions>
                    <condition number="219" type="jump" coverage="100%" />
                  </conditions>
                </line>
                <line number="92" hits="2" branch="False" />
                <line number="93" hits="2" branch="False" />
                <line number="96" hits="1" branch="False" />
                <line number="97" hits="1" branch="False" />
                <line number="98" hits="1" branch="False" />
                <line number="100" hits="1" branch="False" />
                <line number="101" hits="1" branch="False" />
                <line number="102" hits="1" branch="False" />
              </lines>
            </method>
          </methods>
          <lines>
            <line number="83" hits="4" branch="False" />
            <line number="84" hits="4" branch="False" />
            <line number="86" hits="4" branch="True" condition-coverage="100% (2/2)">
              <conditions>
                <condition number="175" type="jump" coverage="100%" />
              </conditions>
            </line>
            <line number="87" hits="1" branch="False" />
            <line number="88" hits="1" branch="False" />
            <line number="91" hits="3" branch="True" condition-coverage="100% (2/2)">
              <conditions>
                <condition number="219" type="jump" coverage="100%" />
              </conditions>
            </line>
            <line number="92" hits="2" branch="False" />
            <line number="93" hits="2" branch="False" />
            <line number="96" hits="1" branch="False" />
            <line number="97" hits="1" branch="False" />
            <line number="98" hits="1" branch="False" />
            <line number="100" hits="1" branch="False" />
            <line number="101" hits="1" branch="False" />
            <line number="102" hits="1" branch="False" />
          </lines>
        </class>
        <class name="FormsBackend.Services.FormService/&lt;UpdateFormAsync&gt;d__6" filename="Services\Implementation\FormService.cs" line-rate="1" branch-rate="0.9166" complexity="24">
          <methods>
            <method name="MoveNext" signature="()" line-rate="1" branch-rate="0.9166" complexity="24">
              <lines>
                <line number="105" hits="13" branch="False" />
                <line number="107" hits="13" branch="False" />
                <line number="109" hits="13" branch="True" condition-coverage="100% (2/2)">
                  <conditions>
                    <condition number="218" type="jump" coverage="100%" />
                  </conditions>
                </line>
                <line number="110" hits="1" branch="False" />
                <line number="111" hits="1" branch="False" />
                <line number="115" hits="12" branch="True" condition-coverage="100% (6/6)">
                  <conditions>
                    <condition number="263" type="jump" coverage="100%" />
                    <condition number="277" type="jump" coverage="100%" />
                    <condition number="305" type="jump" coverage="100%" />
                  </conditions>
                </line>
                <line number="116" hits="2" branch="False" />
                <line number="117" hits="2" branch="False" />
                <line number="121" hits="10" branch="True" condition-coverage="50% (2/4)">
                  <conditions>
                    <condition number="332" type="jump" coverage="50%" />
                    <condition number="344" type="jump" coverage="50%" />
                  </conditions>
                </line>
                <line number="122" hits="10" branch="True" condition-coverage="100% (4/4)">
                  <conditions>
                    <condition number="373" type="jump" coverage="100%" />
                    <condition number="398" type="jump" coverage="100%" />
                  </conditions>
                </line>
                <line number="123" hits="1" branch="False" />
                <line number="124" hits="1" branch="False" />
                <line number="128" hits="9" branch="False" />
                <line number="129" hits="9" branch="False" />
                <line number="130" hits="9" branch="False" />
                <line number="131" hits="9" branch="False" />
                <line number="132" hits="9" branch="False" />
                <line number="133" hits="9" branch="False" />
                <line number="134" hits="9" branch="False" />
                <line number="135" hits="9" branch="False" />
                <line number="136" hits="9" branch="True" condition-coverage="100% (4/4)">
                  <conditions>
                    <condition number="592" type="jump" coverage="100%" />
                    <condition number="626" type="jump" coverage="100%" />
                  </conditions>
                </line>
                <line number="139" hits="9" branch="False" />
                <line number="155" hits="9" branch="True" condition-coverage="100% (4/4)">
                  <conditions>
                    <condition number="656" type="jump" coverage="100%" />
                    <condition number="696" type="jump" coverage="100%" />
                  </conditions>
                </line>
                <line number="156" hits="1" branch="False" />
                <line number="157" hits="1" branch="False" />
                <line number="158" hits="1" branch="False" />
                <line number="159" hits="1" branch="False" />
                <line number="160" hits="1" branch="False" />
                <line number="162" hits="9" branch="False" />
                <line number="163" hits="9" branch="False" />
                <line number="164" hits="9" branch="False" />
              </lines>
            </method>
          </methods>
          <lines>
            <line number="105" hits="13" branch="False" />
            <line number="107" hits="13" branch="False" />
            <line number="109" hits="13" branch="True" condition-coverage="100% (2/2)">
              <conditions>
                <condition number="218" type="jump" coverage="100%" />
              </conditions>
            </line>
            <line number="110" hits="1" branch="False" />
            <line number="111" hits="1" branch="False" />
            <line number="115" hits="12" branch="True" condition-coverage="100% (6/6)">
              <conditions>
                <condition number="263" type="jump" coverage="100%" />
                <condition number="277" type="jump" coverage="100%" />
                <condition number="305" type="jump" coverage="100%" />
              </conditions>
            </line>
            <line number="116" hits="2" branch="False" />
            <line number="117" hits="2" branch="False" />
            <line number="121" hits="10" branch="True" condition-coverage="50% (2/4)">
              <conditions>
                <condition number="332" type="jump" coverage="50%" />
                <condition number="344" type="jump" coverage="50%" />
              </conditions>
            </line>
            <line number="122" hits="10" branch="True" condition-coverage="100% (4/4)">
              <conditions>
                <condition number="373" type="jump" coverage="100%" />
                <condition number="398" type="jump" coverage="100%" />
              </conditions>
            </line>
            <line number="123" hits="1" branch="False" />
            <line number="124" hits="1" branch="False" />
            <line number="128" hits="9" branch="False" />
            <line number="129" hits="9" branch="False" />
            <line number="130" hits="9" branch="False" />
            <line number="131" hits="9" branch="False" />
            <line number="132" hits="9" branch="False" />
            <line number="133" hits="9" branch="False" />
            <line number="134" hits="9" branch="False" />
            <line number="135" hits="9" branch="False" />
            <line number="136" hits="9" branch="True" condition-coverage="100% (4/4)">
              <conditions>
                <condition number="592" type="jump" coverage="100%" />
                <condition number="626" type="jump" coverage="100%" />
              </conditions>
            </line>
            <line number="139" hits="9" branch="False" />
            <line number="155" hits="9" branch="True" condition-coverage="100% (4/4)">
              <conditions>
                <condition number="656" type="jump" coverage="100%" />
                <condition number="696" type="jump" coverage="100%" />
              </conditions>
            </line>
            <line number="156" hits="1" branch="False" />
            <line number="157" hits="1" branch="False" />
            <line number="158" hits="1" branch="False" />
            <line number="159" hits="1" branch="False" />
            <line number="160" hits="1" branch="False" />
            <line number="162" hits="9" branch="False" />
            <line number="163" hits="9" branch="False" />
            <line number="164" hits="9" branch="False" />
          </lines>
        </class>
        <class name="FormsBackend.Services.SubmissionService" filename="Services\Implementation\SubmissionService.cs" line-rate="1" branch-rate="0.8809" complexity="43">
          <methods>
            <method name="MapToSubmissionResponse" signature="(FormsBackend.Models.Sql.FormSubmission,FormsBackend.Models.Mongo.Form,FormsBackend.Models.Sql.User)" line-rate="1" branch-rate="0.8611" complexity="36">
              <lines>
                <line number="194" hits="14" branch="False" />
                <line number="195" hits="14" branch="False" />
                <line number="197" hits="56" branch="True" condition-coverage="100% (2/2)">
                  <conditions>
                    <condition number="347" type="jump" coverage="100%" />
                  </conditions>
                </line>
                <line number="198" hits="7" branch="False" />
                <line number="199" hits="13" branch="True" condition-coverage="50% (1/2)">
                  <conditions>
                    <condition number="45" type="jump" coverage="50%" />
                  </conditions>
                </line>
                <line number="201" hits="7" branch="True" condition-coverage="100% (4/4)">
                  <conditions>
                    <condition number="99" type="jump" coverage="100%" />
                    <condition number="111" type="jump" coverage="100%" />
                  </conditions>
                </line>
                <line number="202" hits="7" branch="False" />
                <line number="203" hits="7" branch="False" />
                <line number="204" hits="7" branch="False" />
                <line number="205" hits="7" branch="False" />
                <line number="206" hits="7" branch="False" />
                <line number="208" hits="7" branch="True" condition-coverage="100% (8/8)">
                  <conditions>
                    <condition number="146" type="jump" coverage="100%" />
                    <condition number="169" type="jump" coverage="100%" />
                    <condition number="192" type="jump" coverage="100%" />
                    <condition number="225" type="jump" coverage="100%" />
                  </conditions>
                </line>
                <line number="209" hits="7" branch="False" />
                <line number="210" hits="7" branch="False" />
                <line number="211" hits="7" branch="False" />
                <line number="212" hits="4" branch="False" />
                <line number="214" hits="4" branch="False" />
                <line number="216" hits="4" branch="False" />
                <line number="218" hits="3" branch="True" condition-coverage="75% (3/4)">
                  <conditions>
                    <condition number="250" type="jump" coverage="50%" />
                    <condition number="266" type="jump" coverage="100%" />
                  </conditions>
                </line>
                <line number="219" hits="3" branch="False" />
                <line number="221" hits="3" branch="False" />
                <line number="222" hits="3" branch="False" />
                <line number="223" hits="3" branch="False" />
                <line number="224" hits="1" branch="False" />
                <line number="225" hits="1" branch="False" />
                <line number="227" hits="1" branch="False" />
                <line number="228" hits="1" branch="False" />
                <line number="229" hits="4" branch="False" />
                <line number="231" hits="3" branch="False" />
                <line number="233" hits="3" branch="False" />
                <line number="234" hits="3" branch="False" />
                <line number="236" hits="7" branch="False" />
                <line number="237" hits="7" branch="False" />
                <line number="239" hits="46" branch="True" condition-coverage="100% (2/2)">
                  <conditions>
                    <condition number="607" type="jump" coverage="100%" />
                  </conditions>
                </line>
                <line number="240" hits="2" branch="False" />
                <line number="241" hits="4" branch="True" condition-coverage="50% (1/2)">
                  <conditions>
                    <condition number="407" type="jump" coverage="50%" />
                  </conditions>
                </line>
                <line number="242" hits="2" branch="True" condition-coverage="50% (2/4)">
                  <conditions>
                    <condition number="466" type="jump" coverage="50%" />
                    <condition number="479" type="jump" coverage="50%" />
                  </conditions>
                </line>
                <line number="243" hits="2" branch="False" />
                <line number="244" hits="2" branch="False" />
                <line number="245" hits="2" branch="False" />
                <line number="246" hits="2" branch="False" />
                <line number="247" hits="2" branch="False" />
                <line number="248" hits="2" branch="False" />
                <line number="249" hits="2" branch="False" />
                <line number="250" hits="2" branch="False" />
                <line number="251" hits="2" branch="False" />
                <line number="252" hits="2" branch="False" />
                <line number="253" hits="2" branch="False" />
                <line number="254" hits="2" branch="False" />
                <line number="255" hits="2" branch="False" />
                <line number="257" hits="14" branch="True" condition-coverage="100% (8/8)">
                  <conditions>
                    <condition number="660" type="jump" coverage="100%" />
                    <condition number="672" type="jump" coverage="100%" />
                    <condition number="701" type="jump" coverage="100%" />
                    <condition number="713" type="jump" coverage="100%" />
                  </conditions>
                </line>
                <line number="258" hits="14" branch="False" />
                <line number="259" hits="14" branch="False" />
                <line number="260" hits="14" branch="False" />
                <line number="261" hits="14" branch="False" />
                <line number="262" hits="14" branch="False" />
                <line number="263" hits="14" branch="False" />
                <line number="264" hits="14" branch="False" />
                <line number="265" hits="14" branch="False" />
                <line number="266" hits="14" branch="False" />
                <line number="267" hits="14" branch="False" />
              </lines>
            </method>
            <method name="CalculateBase64FileSize" signature="(System.String)" line-rate="1" branch-rate="1" complexity="6">
              <lines>
                <line number="381" hits="9" branch="False" />
                <line number="382" hits="9" branch="True" condition-coverage="100% (2/2)">
                  <conditions>
                    <condition number="9" type="jump" coverage="100%" />
                  </conditions>
                </line>
                <line number="383" hits="2" branch="False" />
                <line number="386" hits="7" branch="True" condition-coverage="100% (4/4)">
                  <conditions>
                    <condition number="27" type="jump" coverage="100%" />
                    <condition number="40" type="jump" coverage="100%" />
                  </conditions>
                </line>
                <line number="387" hits="7" branch="False" />
                <line number="388" hits="9" branch="False" />
              </lines>
            </method>
            <method name=".ctor" signature="(FormsBackend.Repositories.ISubmissionRepository,FormsBackend.Repositories.IFormRepository,FormsBackend.Repositories.IUserRepository)" line-rate="1" branch-rate="1" complexity="1">
              <lines>
                <line number="18" hits="40" branch="False" />
                <line number="19" hits="40" branch="False" />
                <line number="20" hits="40" branch="False" />
                <line number="21" hits="40" branch="False" />
                <line number="22" hits="40" branch="False" />
                <line number="23" hits="40" branch="False" />
                <line number="24" hits="40" branch="False" />
                <line number="25" hits="40" branch="False" />
                <line number="26" hits="40" branch="False" />
              </lines>
            </method>
          </methods>
          <lines>
            <line number="194" hits="14" branch="False" />
            <line number="195" hits="14" branch="False" />
            <line number="197" hits="56" branch="True" condition-coverage="100% (2/2)">
              <conditions>
                <condition number="347" type="jump" coverage="100%" />
              </conditions>
            </line>
            <line number="198" hits="7" branch="False" />
            <line number="199" hits="13" branch="True" condition-coverage="50% (1/2)">
              <conditions>
                <condition number="45" type="jump" coverage="50%" />
              </conditions>
            </line>
            <line number="201" hits="7" branch="True" condition-coverage="100% (4/4)">
              <conditions>
                <condition number="99" type="jump" coverage="100%" />
                <condition number="111" type="jump" coverage="100%" />
              </conditions>
            </line>
            <line number="202" hits="7" branch="False" />
            <line number="203" hits="7" branch="False" />
            <line number="204" hits="7" branch="False" />
            <line number="205" hits="7" branch="False" />
            <line number="206" hits="7" branch="False" />
            <line number="208" hits="7" branch="True" condition-coverage="100% (8/8)">
              <conditions>
                <condition number="146" type="jump" coverage="100%" />
                <condition number="169" type="jump" coverage="100%" />
                <condition number="192" type="jump" coverage="100%" />
                <condition number="225" type="jump" coverage="100%" />
              </conditions>
            </line>
            <line number="209" hits="7" branch="False" />
            <line number="210" hits="7" branch="False" />
            <line number="211" hits="7" branch="False" />
            <line number="212" hits="4" branch="False" />
            <line number="214" hits="4" branch="False" />
            <line number="216" hits="4" branch="False" />
            <line number="218" hits="3" branch="True" condition-coverage="75% (3/4)">
              <conditions>
                <condition number="250" type="jump" coverage="50%" />
                <condition number="266" type="jump" coverage="100%" />
              </conditions>
            </line>
            <line number="219" hits="3" branch="False" />
            <line number="221" hits="3" branch="False" />
            <line number="222" hits="3" branch="False" />
            <line number="223" hits="3" branch="False" />
            <line number="224" hits="1" branch="False" />
            <line number="225" hits="1" branch="False" />
            <line number="227" hits="1" branch="False" />
            <line number="228" hits="1" branch="False" />
            <line number="229" hits="4" branch="False" />
            <line number="231" hits="3" branch="False" />
            <line number="233" hits="3" branch="False" />
            <line number="234" hits="3" branch="False" />
            <line number="236" hits="7" branch="False" />
            <line number="237" hits="7" branch="False" />
            <line number="239" hits="46" branch="True" condition-coverage="100% (2/2)">
              <conditions>
                <condition number="607" type="jump" coverage="100%" />
              </conditions>
            </line>
            <line number="240" hits="2" branch="False" />
            <line number="241" hits="4" branch="True" condition-coverage="50% (1/2)">
              <conditions>
                <condition number="407" type="jump" coverage="50%" />
              </conditions>
            </line>
            <line number="242" hits="2" branch="True" condition-coverage="50% (2/4)">
              <conditions>
                <condition number="466" type="jump" coverage="50%" />
                <condition number="479" type="jump" coverage="50%" />
              </conditions>
            </line>
            <line number="243" hits="2" branch="False" />
            <line number="244" hits="2" branch="False" />
            <line number="245" hits="2" branch="False" />
            <line number="246" hits="2" branch="False" />
            <line number="247" hits="2" branch="False" />
            <line number="248" hits="2" branch="False" />
            <line number="249" hits="2" branch="False" />
            <line number="250" hits="2" branch="False" />
            <line number="251" hits="2" branch="False" />
            <line number="252" hits="2" branch="False" />
            <line number="253" hits="2" branch="False" />
            <line number="254" hits="2" branch="False" />
            <line number="255" hits="2" branch="False" />
            <line number="257" hits="14" branch="True" condition-coverage="100% (8/8)">
              <conditions>
                <condition number="660" type="jump" coverage="100%" />
                <condition number="672" type="jump" coverage="100%" />
                <condition number="701" type="jump" coverage="100%" />
                <condition number="713" type="jump" coverage="100%" />
              </conditions>
            </line>
            <line number="258" hits="14" branch="False" />
            <line number="259" hits="14" branch="False" />
            <line number="260" hits="14" branch="False" />
            <line number="261" hits="14" branch="False" />
            <line number="262" hits="14" branch="False" />
            <line number="263" hits="14" branch="False" />
            <line number="264" hits="14" branch="False" />
            <line number="265" hits="14" branch="False" />
            <line number="266" hits="14" branch="False" />
            <line number="267" hits="14" branch="False" />
            <line number="381" hits="9" branch="False" />
            <line number="382" hits="9" branch="True" condition-coverage="100% (2/2)">
              <conditions>
                <condition number="9" type="jump" coverage="100%" />
              </conditions>
            </line>
            <line number="383" hits="2" branch="False" />
            <line number="386" hits="7" branch="True" condition-coverage="100% (4/4)">
              <conditions>
                <condition number="27" type="jump" coverage="100%" />
                <condition number="40" type="jump" coverage="100%" />
              </conditions>
            </line>
            <line number="387" hits="7" branch="False" />
            <line number="388" hits="9" branch="False" />
            <line number="18" hits="40" branch="False" />
            <line number="19" hits="40" branch="False" />
            <line number="20" hits="40" branch="False" />
            <line number="21" hits="40" branch="False" />
            <line number="22" hits="40" branch="False" />
            <line number="23" hits="40" branch="False" />
            <line number="24" hits="40" branch="False" />
            <line number="25" hits="40" branch="False" />
            <line number="26" hits="40" branch="False" />
          </lines>
        </class>
        <class name="FormsBackend.Services.SubmissionService/&lt;&gt;c__DisplayClass11_0" filename="Services\Implementation\SubmissionService.cs" line-rate="1" branch-rate="1" complexity="1">
          <methods>
            <method name="&lt;GetSubmissionFilesAsync&gt;b__0" signature="(FormsBackend.Models.Mongo.FormQuestion)" line-rate="1" branch-rate="1" complexity="1">
              <lines>
                <line number="359" hits="3" branch="False" />
              </lines>
            </method>
          </methods>
          <lines>
            <line number="359" hits="3" branch="False" />
          </lines>
        </class>
        <class name="FormsBackend.Services.SubmissionService/&lt;&gt;c__DisplayClass4_0" filename="Services\Implementation\SubmissionService.cs" line-rate="1" branch-rate="1" complexity="1">
          <methods>
            <method name="&lt;SubmitFormAsync&gt;b__0" signature="(FormsBackend.Models.Mongo.FormQuestion)" line-rate="1" branch-rate="1" complexity="1">
              <lines>
                <line number="74" hits="13" branch="False" />
              </lines>
            </method>
          </methods>
          <lines>
            <line number="74" hits="13" branch="False" />
          </lines>
        </class>
        <class name="FormsBackend.Services.SubmissionService/&lt;&gt;c__DisplayClass9_0" filename="Services\Implementation\SubmissionService.cs" line-rate="1" branch-rate="1" complexity="1">
          <methods>
            <method name="&lt;GetFormFilesAsync&gt;b__0" signature="(FormsBackend.Models.Mongo.FormQuestion)" line-rate="1" branch-rate="1" complexity="1">
              <lines>
                <line number="281" hits="8" branch="False" />
              </lines>
            </method>
          </methods>
          <lines>
            <line number="281" hits="8" branch="False" />
          </lines>
        </class>
        <class name="FormsBackend.Services.SubmissionService/&lt;GetFileForDownloadAsync&gt;d__10" filename="Services\Implementation\SubmissionService.cs" line-rate="1" branch-rate="1" complexity="8">
          <methods>
            <method name="MoveNext" signature="()" line-rate="1" branch-rate="1" complexity="8">
              <lines>
                <line number="311" hits="5" branch="False" />
                <line number="312" hits="5" branch="False" />
                <line number="314" hits="5" branch="True" condition-coverage="100% (2/2)">
                  <conditions>
                    <condition number="164" type="jump" coverage="100%" />
                  </conditions>
                </line>
                <line number="315" hits="1" branch="False" />
                <line number="316" hits="1" branch="False" />
                <line number="320" hits="4" branch="True" condition-coverage="100% (6/6)">
                  <conditions>
                    <condition number="184" type="jump" coverage="100%" />
                    <condition number="197" type="jump" coverage="100%" />
                    <condition number="250" type="jump" coverage="100%" />
                  </conditions>
                </line>
                <line number="321" hits="1" branch="False" />
                <line number="322" hits="1" branch="False" />
                <line number="326" hits="3" branch="False" />
                <line number="328" hits="3" branch="False" />
                <line number="329" hits="3" branch="False" />
                <line number="330" hits="3" branch="False" />
                <line number="331" hits="3" branch="False" />
                <line number="332" hits="3" branch="False" />
                <line number="333" hits="3" branch="False" />
                <line number="334" hits="3" branch="False" />
                <line number="335" hits="3" branch="False" />
              </lines>
            </method>
          </methods>
          <lines>
            <line number="311" hits="5" branch="False" />
            <line number="312" hits="5" branch="False" />
            <line number="314" hits="5" branch="True" condition-coverage="100% (2/2)">
              <conditions>
                <condition number="164" type="jump" coverage="100%" />
              </conditions>
            </line>
            <line number="315" hits="1" branch="False" />
            <line number="316" hits="1" branch="False" />
            <line number="320" hits="4" branch="True" condition-coverage="100% (6/6)">
              <conditions>
                <condition number="184" type="jump" coverage="100%" />
                <condition number="197" type="jump" coverage="100%" />
                <condition number="250" type="jump" coverage="100%" />
              </conditions>
            </line>
            <line number="321" hits="1" branch="False" />
            <line number="322" hits="1" branch="False" />
            <line number="326" hits="3" branch="False" />
            <line number="328" hits="3" branch="False" />
            <line number="329" hits="3" branch="False" />
            <line number="330" hits="3" branch="False" />
            <line number="331" hits="3" branch="False" />
            <line number="332" hits="3" branch="False" />
            <line number="333" hits="3" branch="False" />
            <line number="334" hits="3" branch="False" />
            <line number="335" hits="3" branch="False" />
          </lines>
        </class>
        <class name="FormsBackend.Services.SubmissionService/&lt;GetFormFilesAsync&gt;d__9" filename="Services\Implementation\SubmissionService.cs" line-rate="1" branch-rate="0.875" complexity="16">
          <methods>
            <method name="MoveNext" signature="()" line-rate="1" branch-rate="0.875" complexity="16">
              <lines>
                <line number="269" hits="8" branch="False" />
                <line number="270" hits="8" branch="False" />
                <line number="271" hits="8" branch="True" condition-coverage="100% (2/2)">
                  <conditions>
                    <condition number="175" type="jump" coverage="100%" />
                  </conditions>
                </line>
                <line number="272" hits="1" branch="False" />
                <line number="273" hits="1" branch="False" />
                <line number="276" hits="7" branch="False" />
                <line number="277" hits="7" branch="False" />
                <line number="279" hits="35" branch="True" condition-coverage="100% (2/2)">
                  <conditions>
                    <condition number="787" type="jump" coverage="100%" />
                  </conditions>
                </line>
                <line number="280" hits="7" branch="False" />
                <line number="284" hits="7" branch="False" />
                <line number="286" hits="7" branch="True" condition-coverage="83.33% (10/12)">
                  <conditions>
                    <condition number="556" type="jump" coverage="100%" />
                    <condition number="568" type="jump" coverage="100%" />
                    <condition number="682" type="jump" coverage="50%" />
[...]
            <line number="233" hits="0" branch="False" />
            <line number="234" hits="0" branch="False" />
            <line number="235" hits="0" branch="False" />
            <line number="236" hits="0" branch="False" />
            <line number="237" hits="0" branch="False" />
            <line number="238" hits="0" branch="False" />
            <line number="239" hits="0" branch="False" />
            <line number="241" hits="0" branch="False" />
            <line number="242" hits="0" branch="False" />
            <line number="243" hits="0" branch="False" />
            <line number="244" hits="0" branch="False" />
            <line number="245" hits="0" branch="False" />
            <line number="246" hits="0" branch="False" />
            <line number="247" hits="0" branch="False" />
            <line number="249" hits="10" branch="False" />
          </lines>
        </class>
        <class name="FormsBackend.Controllers.SubmissionController/&lt;GetFormFiles&gt;d__7" filename="Controller\SubmissionController.cs" line-rate="0.5625" branch-rate="1" complexity="8">
          <methods>
            <method name="MoveNext" signature="()" line-rate="0.5625" branch-rate="1" complexity="8">
              <lines>
                <line number="146" hits="3" branch="False" />
                <line number="148" hits="3" branch="False" />
                <line number="150" hits="3" branch="False" />
                <line number="153" hits="3" branch="True" condition-coverage="100% (2/2)">
                  <conditions>
                    <condition number="77" type="jump" coverage="100%" />
                  </conditions>
                </line>
                <line number="154" hits="3" branch="False" />
                <line number="156" hits="3" branch="True" condition-coverage="100% (4/4)">
                  <conditions>
                    <condition number="106" type="jump" coverage="100%" />
                    <condition number="118" type="jump" coverage="100%" />
                  </conditions>
                </line>
                <line number="157" hits="3" branch="False" />
                <line number="158" hits="3" branch="True" condition-coverage="100% (2/2)">
                  <conditions>
                    <condition number="285" type="jump" coverage="100%" />
                  </conditions>
                </line>
                <line number="159" hits="2" branch="False" />
                <line number="160" hits="2" branch="False" />
                <line number="162" hits="1" branch="False" />
                <line number="164" hits="1" branch="False" />
                <line number="166" hits="1" branch="False" />
                <line number="167" hits="1" branch="False" />
                <line number="168" hits="1" branch="False" />
                <line number="169" hits="1" branch="False" />
                <line number="170" hits="1" branch="False" />
                <line number="172" hits="0" branch="False" />
                <line number="173" hits="0" branch="False" />
                <line number="174" hits="0" branch="False" />
                <line number="175" hits="0" branch="False" />
                <line number="176" hits="0" branch="False" />
                <line number="177" hits="0" branch="False" />
                <line number="178" hits="0" branch="False" />
                <line number="180" hits="0" branch="False" />
                <line number="181" hits="0" branch="False" />
                <line number="182" hits="0" branch="False" />
                <line number="183" hits="0" branch="False" />
                <line number="184" hits="0" branch="False" />
                <line number="185" hits="0" branch="False" />
                <line number="186" hits="0" branch="False" />
                <line number="188" hits="3" branch="False" />
              </lines>
            </method>
          </methods>
          <lines>
            <line number="146" hits="3" branch="False" />
            <line number="148" hits="3" branch="False" />
            <line number="150" hits="3" branch="False" />
            <line number="153" hits="3" branch="True" condition-coverage="100% (2/2)">
              <conditions>
                <condition number="77" type="jump" coverage="100%" />
              </conditions>
            </line>
            <line number="154" hits="3" branch="False" />
            <line number="156" hits="3" branch="True" condition-coverage="100% (4/4)">
              <conditions>
                <condition number="106" type="jump" coverage="100%" />
                <condition number="118" type="jump" coverage="100%" />
              </conditions>
            </line>
            <line number="157" hits="3" branch="False" />
            <line number="158" hits="3" branch="True" condition-coverage="100% (2/2)">
              <conditions>
                <condition number="285" type="jump" coverage="100%" />
              </conditions>
            </line>
            <line number="159" hits="2" branch="False" />
            <line number="160" hits="2" branch="False" />
            <line number="162" hits="1" branch="False" />
            <line number="164" hits="1" branch="False" />
            <line number="166" hits="1" branch="False" />
            <line number="167" hits="1" branch="False" />
            <line number="168" hits="1" branch="False" />
            <line number="169" hits="1" branch="False" />
            <line number="170" hits="1" branch="False" />
            <line number="172" hits="0" branch="False" />
            <line number="173" hits="0" branch="False" />
            <line number="174" hits="0" branch="False" />
            <line number="175" hits="0" branch="False" />
            <line number="176" hits="0" branch="False" />
            <line number="177" hits="0" branch="False" />
            <line number="178" hits="0" branch="False" />
            <line number="180" hits="0" branch="False" />
            <line number="181" hits="0" branch="False" />
            <line number="182" hits="0" branch="False" />
            <line number="183" hits="0" branch="False" />
            <line number="184" hits="0" branch="False" />
            <line number="185" hits="0" branch="False" />
            <line number="186" hits="0" branch="False" />
            <line number="188" hits="3" branch="False" />
          </lines>
        </class>
        <class name="FormsBackend.Controllers.SubmissionController/&lt;GetFormSubmissions&gt;d__6" filename="Controller\SubmissionController.cs" line-rate="0" branch-rate="1" complexity="1">
          <methods>
            <method name="MoveNext" signature="()" line-rate="0" branch-rate="1" complexity="1">
              <lines>
                <line number="122" hits="0" branch="False" />
                <line number="124" hits="0" branch="False" />
                <line number="125" hits="0" branch="False" />
                <line number="127" hits="0" branch="False" />
                <line number="128" hits="0" branch="False" />
                <line number="129" hits="0" branch="False" />
                <line number="130" hits="0" branch="False" />
                <line number="131" hits="0" branch="False" />
                <line number="132" hits="0" branch="False" />
                <line number="134" hits="0" branch="False" />
                <line number="135" hits="0" branch="False" />
                <line number="136" hits="0" branch="False" />
                <line number="137" hits="0" branch="False" />
                <line number="138" hits="0" branch="False" />
                <line number="139" hits="0" branch="False" />
                <line number="140" hits="0" branch="False" />
                <line number="142" hits="0" branch="False" />
              </lines>
            </method>
          </methods>
          <lines>
            <line number="122" hits="0" branch="False" />
            <line number="124" hits="0" branch="False" />
            <line number="125" hits="0" branch="False" />
            <line number="127" hits="0" branch="False" />
            <line number="128" hits="0" branch="False" />
            <line number="129" hits="0" branch="False" />
            <line number="130" hits="0" branch="False" />
            <line number="131" hits="0" branch="False" />
            <line number="132" hits="0" branch="False" />
            <line number="134" hits="0" branch="False" />
            <line number="135" hits="0" branch="False" />
            <line number="136" hits="0" branch="False" />
            <line number="137" hits="0" branch="False" />
            <line number="138" hits="0" branch="False" />
            <line number="139" hits="0" branch="False" />
            <line number="140" hits="0" branch="False" />
            <line number="142" hits="0" branch="False" />
          </lines>
        </class>
        <class name="FormsBackend.Controllers.SubmissionController/&lt;GetMySubmissions&gt;d__4" filename="Controller\SubmissionController.cs" line-rate="0.5882000000000001" branch-rate="0.75" complexity="4">
          <methods>
            <method name="MoveNext" signature="()" line-rate="0.5882000000000001" branch-rate="0.75" complexity="4">
              <lines>
                <line number="60" hits="1" branch="False" />
                <line number="62" hits="1" branch="False" />
                <line number="63" hits="1" branch="True" condition-coverage="75% (3/4)">
                  <conditions>
                    <condition number="50" type="jump" coverage="50%" />
                    <condition number="62" type="jump" coverage="100%" />
                  </conditions>
                </line>
                <line number="64" hits="1" branch="False" />
                <line number="66" hits="1" branch="False" />
                <line number="67" hits="1" branch="False" />
                <line number="68" hits="1" branch="False" />
                <line number="69" hits="1" branch="False" />
                <line number="70" hits="1" branch="False" />
                <line number="72" hits="0" branch="False" />
                <line number="73" hits="0" branch="False" />
                <line number="74" hits="0" branch="False" />
                <line number="75" hits="0" branch="False" />
                <line number="76" hits="0" branch="False" />
                <line number="77" hits="0" branch="False" />
                <line number="78" hits="0" branch="False" />
                <line number="80" hits="1" branch="False" />
              </lines>
            </method>
          </methods>
          <lines>
            <line number="60" hits="1" branch="False" />
            <line number="62" hits="1" branch="False" />
            <line number="63" hits="1" branch="True" condition-coverage="75% (3/4)">
              <conditions>
                <condition number="50" type="jump" coverage="50%" />
                <condition number="62" type="jump" coverage="100%" />
              </conditions>
            </line>
            <line number="64" hits="1" branch="False" />
            <line number="66" hits="1" branch="False" />
            <line number="67" hits="1" branch="False" />
            <line number="68" hits="1" branch="False" />
            <line number="69" hits="1" branch="False" />
            <line number="70" hits="1" branch="False" />
            <line number="72" hits="0" branch="False" />
            <line number="73" hits="0" branch="False" />
            <line number="74" hits="0" branch="False" />
            <line number="75" hits="0" branch="False" />
            <line number="76" hits="0" branch="False" />
            <line number="77" hits="0" branch="False" />
            <line number="78" hits="0" branch="False" />
            <line number="80" hits="1" branch="False" />
          </lines>
        </class>
        <class name="FormsBackend.Controllers.SubmissionController/&lt;GetSubmissionDetails&gt;d__5" filename="Controller\SubmissionController.cs" line-rate="0.4814" branch-rate="1" complexity="4">
          <methods>
            <method name="MoveNext" signature="()" line-rate="0.4814" branch-rate="1" complexity="4">
              <lines>
                <line number="85" hits="2" branch="False" />
                <line number="87" hits="2" branch="False" />
                <line number="88" hits="2" branch="True" condition-coverage="100% (4/4)">
                  <conditions>
                    <condition number="50" type="jump" coverage="100%" />
                    <condition number="62" type="jump" coverage="100%" />
                  </conditions>
                </line>
                <line number="89" hits="2" branch="False" />
                <line number="91" hits="1" branch="False" />
                <line number="92" hits="1" branch="False" />
                <line number="93" hits="1" branch="False" />
                <line number="94" hits="1" branch="False" />
                <line number="95" hits="1" branch="False" />
                <line number="97" hits="1" branch="False" />
                <line number="98" hits="1" branch="False" />
                <line number="99" hits="1" branch="False" />
                <line number="101" hits="0" branch="False" />
                <line number="102" hits="0" branch="False" />
                <line number="103" hits="0" branch="False" />
                <line number="104" hits="0" branch="False" />
                <line number="105" hits="0" branch="False" />
                <line number="106" hits="0" branch="False" />
                <line number="107" hits="0" branch="False" />
                <line number="109" hits="0" branch="False" />
                <line number="110" hits="0" branch="False" />
                <line number="111" hits="0" branch="False" />
                <line number="112" hits="0" branch="False" />
                <line number="113" hits="0" branch="False" />
                <line number="114" hits="0" branch="False" />
                <line number="115" hits="0" branch="False" />
                <line number="117" hits="2" branch="False" />
              </lines>
            </method>
          </methods>
          <lines>
            <line number="85" hits="2" branch="False" />
            <line number="87" hits="2" branch="False" />
            <line number="88" hits="2" branch="True" condition-coverage="100% (4/4)">
              <conditions>
                <condition number="50" type="jump" coverage="100%" />
                <condition number="62" type="jump" coverage="100%" />
              </conditions>
            </line>
            <line number="89" hits="2" branch="False" />
            <line number="91" hits="1" branch="False" />
            <line number="92" hits="1" branch="False" />
            <line number="93" hits="1" branch="False" />
            <line number="94" hits="1" branch="False" />
            <line number="95" hits="1" branch="False" />
            <line number="97" hits="1" branch="False" />
            <line number="98" hits="1" branch="False" />
            <line number="99" hits="1" branch="False" />
            <line number="101" hits="0" branch="False" />
            <line number="102" hits="0" branch="False" />
            <line number="103" hits="0" branch="False" />
            <line number="104" hits="0" branch="False" />
            <line number="105" hits="0" branch="False" />
            <line number="106" hits="0" branch="False" />
            <line number="107" hits="0" branch="False" />
            <line number="109" hits="0" branch="False" />
            <line number="110" hits="0" branch="False" />
            <line number="111" hits="0" branch="False" />
            <line number="112" hits="0" branch="False" />
            <line number="113" hits="0" branch="False" />
            <line number="114" hits="0" branch="False" />
            <line number="115" hits="0" branch="False" />
            <line number="117" hits="2" branch="False" />
          </lines>
        </class>
        <class name="FormsBackend.Controllers.SubmissionController/&lt;SubmitForm&gt;d__3" filename="Controller\SubmissionController.cs" line-rate="0.41659999999999997" branch-rate="0.75" complexity="4">
          <methods>
            <method name="MoveNext" signature="()" line-rate="0.41659999999999997" branch-rate="0.75" complexity="4">
              <lines>
                <line number="27" hits="1" branch="False" />
                <line number="29" hits="1" branch="False" />
                <line number="30" hits="1" branch="True" condition-coverage="75% (3/4)">
                  <conditions>
                    <condition number="50" type="jump" coverage="50%" />
                    <condition number="62" type="jump" coverage="100%" />
                  </conditions>
                </line>
                <line number="31" hits="1" branch="False" />
                <line number="33" hits="1" branch="False" />
                <line number="34" hits="1" branch="False" />
                <line number="35" hits="1" branch="False" />
                <line number="36" hits="1" branch="False" />
                <line number="37" hits="1" branch="False" />
                <line number="39" hits="0" branch="False" />
                <line number="40" hits="0" branch="False" />
                <line number="41" hits="0" branch="False" />
                <line number="42" hits="0" branch="False" />
                <line number="43" hits="0" branch="False" />
                <line number="44" hits="0" branch="False" />
                <line number="45" hits="0" branch="False" />
                <line number="47" hits="0" branch="False" />
                <line number="48" hits="0" branch="False" />
                <line number="49" hits="0" branch="False" />
                <line number="50" hits="0" branch="False" />
                <line number="51" hits="0" branch="False" />
                <line number="52" hits="0" branch="False" />
                <line number="53" hits="0" branch="False" />
                <line number="55" hits="1" branch="False" />
              </lines>
            </method>
          </methods>
          <lines>
            <line number="27" hits="1" branch="False" />
            <line number="29" hits="1" branch="False" />
            <line number="30" hits="1" branch="True" condition-coverage="75% (3/4)">
              <conditions>
                <condition number="50" type="jump" coverage="50%" />
                <condition number="62" type="jump" coverage="100%" />
              </conditions>
            </line>
            <line number="31" hits="1" branch="False" />
            <line number="33" hits="1" branch="False" />
            <line number="34" hits="1" branch="False" />
            <line number="35" hits="1" branch="False" />
            <line number="36" hits="1" branch="False" />
            <line number="37" hits="1" branch="False" />
            <line number="39" hits="0" branch="False" />
            <line number="40" hits="0" branch="False" />
            <line number="41" hits="0" branch="False" />
            <line number="42" hits="0" branch="False" />
            <line number="43" hits="0" branch="False" />
            <line number="44" hits="0" branch="False" />
            <line number="45" hits="0" branch="False" />
            <line number="47" hits="0" branch="False" />
            <line number="48" hits="0" branch="False" />
            <line number="49" hits="0" branch="False" />
            <line number="50" hits="0" branch="False" />
            <line number="51" hits="0" branch="False" />
            <line number="52" hits="0" branch="False" />
            <line number="53" hits="0" branch="False" />
            <line number="55" hits="1" branch="False" />
          </lines>
        </class>
      </classes>
    </package>
  </packages>
</coverage>